<?xml version="1.0" encoding="UTF-8"?>
<!-- Generated by org.testng.reporters.JUnitReportReporter -->
<testsuite hostname="DESKTOP-5PI5INQ" failures="0" tests="1" name="testpackage.test1" time="0.016" errors="0" timestamp="2022-08-23T20:48:12 IST" skipped="0">
  <testcase classname="testpackage.test1" name="ttest2" time="0.016"/>
  <system-out/>
</testsuite> <!-- testpackage.test1 -->
